#
# A fatal error has been detected by the Java Runtime Environment:
#
#  EXCEPTION_ACCESS_VIOLATION (0xc0000005) at pc=0x04983cc5, pid=4220, tid=3688
#
# JRE version: 7.0_01-b08
# Java VM: Java HotSpot(TM) Client VM (21.1-b02 mixed mode, sharing windows-x86 )
# Problematic frame:
# C  [packet.dll+0x3cc5]
#
# Failed to write core dump. Minidumps are not enabled by default on client versions of Windows
#
# If you would like to submit a bug report, please visit:
#   http://bugreport.sun.com/bugreport/crash.jsp
# The crash happened outside the Java Virtual Machine in native code.
# See problematic frame for where to report the bug.
#

---------------  T H R E A D  ---------------

Current thread (0x04ba7400):  JavaThread "Thread-2" [_thread_in_native, id=3688, stack(0x090d0000,0x09120000)]

siginfo: ExceptionCode=0xc0000005, reading address 0x00000160

Registers:
EAX=0x0674e0f0, EBX=0x07dc0ae8, ECX=0x00000000, EDX=0x00000001
ESP=0x0911fad0, EBP=0x0911fb70, ESI=0x00000000, EDI=0x00000000
EIP=0x04983cc5, EFLAGS=0x00010246

Top of Stack: (sp=0x0911fad0)
0x0911fad0:   07dc0ae8 050e5c26 00000000 0674e0f0
0x0911fae0:   00000001 00000000 07dc0ae8 04a73fa0
0x0911faf0:   00000000 050e687f 07dc0ae8 00000001
0x0911fb00:   04a61ea0 00000000 04ba7528 04a61998
0x0911fb10:   07dc0ae8 00000001 04a61ea0 00000000
0x0911fb20:   04ba7400 34800468 34800468 027da5b7
0x0911fb30:   04ba7528 0911fb88 00000001 0911fb80
0x0911fb40:   000000b6 04b540fc 04b54124 04b5412c 

Instructions: (pc=0x04983cc5)
0x04983ca5:   4c 24 08 8b 54 24 0c 89 48 18 33 c9 89 50 1c 89
0x04983cb5:   48 20 88 48 24 c3 cc cc cc cc cc 56 8b 74 24 08
0x04983cc5:   8b 86 60 01 00 00 83 f8 10 75 3c 8b 46 4c 83 f8
0x04983cd5:   ff 74 12 85 c0 75 03 83 c8 ff 50 8b 46 48 50 ff 


Register to memory mapping:

EAX=0x0674e0f0 is an unknown value
EBX=0x07dc0ae8 is an unknown value
ECX=0x00000000 is an unknown value
EDX=0x00000001 is an unknown value
ESP=0x0911fad0 is pointing into the stack for thread: 0x04ba7400
EBP=0x0911fb70 is pointing into the stack for thread: 0x04ba7400
ESI=0x00000000 is an unknown value
EDI=0x00000000 is an unknown value


Stack: [0x090d0000,0x09120000],  sp=0x0911fad0,  free space=318k
Native frames: (J=compiled Java code, j=interpreted, Vv=VM code, C=native code)
C  [packet.dll+0x3cc5]  PacketReceivePacket+0x5
j  com.test.Netcaptor$2.run()V+18
j  java.lang.Thread.run()V+11
v  ~StubRoutines::call_stub
V  [jvm.dll+0x122c7e]
V  [jvm.dll+0x1c9c0e]
V  [jvm.dll+0x122e73]
V  [jvm.dll+0x122ed7]
V  [jvm.dll+0xccd1f]
V  [jvm.dll+0x14433f]
V  [jvm.dll+0x171549]
C  [msvcr100.dll+0x5c6de]  endthreadex+0x3a
C  [msvcr100.dll+0x5c788]  endthreadex+0xe4
C  [kernel32.dll+0x1339a]  BaseThreadInitThunk+0x12
C  [ntdll.dll+0x39ed2]  RtlInitializeExceptionChain+0x63
C  [ntdll.dll+0x39ea5]  RtlInitializeExceptionChain+0x36

Java frames: (J=compiled Java code, j=interpreted, Vv=VM code)
j  jpcap.JpcapCaptor.processPacket(ILjpcap/PacketReceiver;)I+0
j  com.test.Netcaptor$2.run()V+18
j  java.lang.Thread.run()V+11
v  ~StubRoutines::call_stub

---------------  P R O C E S S  ---------------

Java Threads: ( => current thread )
=>0x04ba7400 JavaThread "Thread-2" [_thread_in_native, id=3688, stack(0x090d0000,0x09120000)]
  0x07730c00 JavaThread "TimerQueue" daemon [_thread_blocked, id=5080, stack(0x07f40000,0x07f90000)]
  0x04d33000 JavaThread "D3D Screen Updater" daemon [_thread_blocked, id=3704, stack(0x075b0000,0x07600000)]
  0x01139800 JavaThread "DestroyJavaVM" [_thread_blocked, id=3128, stack(0x01060000,0x010b0000)]
  0x04c0e000 JavaThread "AWT-EventQueue-0" [_thread_blocked, id=4864, stack(0x07080000,0x070d0000)]
  0x04bed400 JavaThread "AWT-Windows" daemon [_thread_in_native, id=4444, stack(0x05220000,0x05270000)]
  0x04bec800 JavaThread "AWT-Shutdown" [_thread_blocked, id=2284, stack(0x05130000,0x05180000)]
  0x04be9c00 JavaThread "Java2D Disposer" daemon [_thread_blocked, id=5024, stack(0x04fa0000,0x04ff0000)]
  0x004be400 JavaThread "Service Thread" daemon [_thread_blocked, id=3824, stack(0x04e20000,0x04e70000)]
  0x004b9c00 JavaThread "C1 CompilerThread0" daemon [_thread_blocked, id=3592, stack(0x04b00000,0x04b50000)]
  0x004b8800 JavaThread "Attach Listener" daemon [_thread_blocked, id=3648, stack(0x04ab0000,0x04b00000)]
  0x004b5400 JavaThread "Signal Dispatcher" daemon [_thread_blocked, id=4384, stack(0x011f0000,0x01240000)]
  0x00497c00 JavaThread "Finalizer" daemon [_thread_blocked, id=4192, stack(0x04930000,0x04980000)]
  0x00496400 JavaThread "Reference Handler" daemon [_thread_blocked, id=3920, stack(0x047e0000,0x04830000)]

Other Threads:
  0x00494400 VMThread [stack: 0x012d0000,0x01320000] [id=1792]
  0x004c0c00 WatcherThread [stack: 0x04880000,0x048d0000] [id=1232]

VM state:not at safepoint (normal execution)

VM Mutex/Monitor currently owned by a thread: None

Heap
 def new generation   total 4928K, used 3263K [0x24710000, 0x24c60000, 0x29c60000)
  eden space 4416K,  62% used [0x24710000, 0x249bfec8, 0x24b60000)
  from space 512K, 100% used [0x24be0000, 0x24c60000, 0x24c60000)
  to   space 512K,   0% used [0x24b60000, 0x24b60000, 0x24be0000)
 tenured generation   total 10944K, used 645K [0x29c60000, 0x2a710000, 0x34710000)
   the space 10944K,   5% used [0x29c60000, 0x29d01400, 0x29d01400, 0x2a710000)
 compacting perm gen  total 12288K, used 1363K [0x34710000, 0x35310000, 0x38710000)
   the space 12288K,  11% used [0x34710000, 0x34864c10, 0x34864e00, 0x35310000)
    ro space 10240K,  45% used [0x38710000, 0x38b919f0, 0x38b91a00, 0x39110000)
    rw space 12288K,  54% used [0x39110000, 0x397905a0, 0x39790600, 0x39d10000)

Code Cache  [0x027d0000, 0x028f8000, 0x047d0000)
 total_blobs=783 nmethods=538 adapters=177 free_code_cache=31613Kb largest_free_block=32372672

Dynamic libraries:
0x013a0000 - 0x013cf000 	D:\liuweiqiang\java\jdk\1.7\jdk1.7.0_01\bin\javaw.exe
0x77720000 - 0x778a0000 	C:\Windows\SysWOW64\ntdll.dll
0x76430000 - 0x76540000 	C:\Windows\syswow64\kernel32.dll
0x762a0000 - 0x762e6000 	C:\Windows\syswow64\KERNELBASE.dll
0x75da0000 - 0x75e40000 	C:\Windows\syswow64\ADVAPI32.dll
0x76120000 - 0x761cc000 	C:\Windows\syswow64\msvcrt.dll
0x76410000 - 0x76429000 	C:\Windows\SysWOW64\sechost.dll
0x76320000 - 0x76410000 	C:\Windows\syswow64\RPCRT4.dll
0x74e10000 - 0x74e70000 	C:\Windows\syswow64\SspiCli.dll
0x74e00000 - 0x74e0c000 	C:\Windows\syswow64\CRYPTBASE.dll
0x76540000 - 0x76640000 	C:\Windows\syswow64\USER32.dll
0x76210000 - 0x762a0000 	C:\Windows\syswow64\GDI32.dll
0x74e70000 - 0x74e7a000 	C:\Windows\syswow64\LPK.dll
0x766b0000 - 0x7674d000 	C:\Windows\syswow64\USP10.dll
0x72430000 - 0x725ce000 	C:\Windows\WinSxS\x86_microsoft.windows.common-controls_6595b64144ccf1df_6.0.7601.17514_none_41e6975e2bd6f2b2\COMCTL32.dll
0x76640000 - 0x76697000 	C:\Windows\syswow64\SHLWAPI.dll
0x75e40000 - 0x75ea0000 	C:\Windows\system32\IMM32.DLL
0x76750000 - 0x7681c000 	C:\Windows\syswow64\MSCTF.dll
0x6eb30000 - 0x6ebee000 	D:\liuweiqiang\java\jdk\1.7\jdk1.7.0_01\jre\bin\msvcr100.dll
0x6e800000 - 0x6eb21000 	D:\liuweiqiang\java\jdk\1.7\jdk1.7.0_01\jre\bin\client\jvm.dll
0x732a0000 - 0x732a7000 	C:\Windows\system32\WSOCK32.dll
0x761d0000 - 0x76205000 	C:\Windows\syswow64\WS2_32.dll
0x76060000 - 0x76066000 	C:\Windows\syswow64\NSI.dll
0x72740000 - 0x72772000 	C:\Windows\system32\WINMM.dll
0x766a0000 - 0x766a5000 	C:\Windows\syswow64\PSAPI.DLL
0x73200000 - 0x7320c000 	D:\liuweiqiang\java\jdk\1.7\jdk1.7.0_01\jre\bin\verify.dll
0x6ee20000 - 0x6ee40000 	D:\liuweiqiang\java\jdk\1.7\jdk1.7.0_01\jre\bin\java.dll
0x6f520000 - 0x6f533000 	D:\liuweiqiang\java\jdk\1.7\jdk1.7.0_01\jre\bin\zip.dll
0x6e110000 - 0x6e252000 	D:\liuweiqiang\java\jdk\1.7\jdk1.7.0_01\jre\bin\awt.dll
0x76cb0000 - 0x76d3f000 	C:\Windows\syswow64\OLEAUT32.dll
0x74ff0000 - 0x7514c000 	C:\Windows\syswow64\ole32.dll
0x70650000 - 0x70663000 	C:\Windows\system32\DWMAPI.DLL
0x70670000 - 0x706f0000 	C:\Windows\system32\uxtheme.dll
0x6d630000 - 0x6d7f3000 	C:\Windows\system32\d3d9.dll
0x74d20000 - 0x74d29000 	C:\Windows\system32\VERSION.dll
0x70050000 - 0x70056000 	C:\Windows\system32\d3d8thk.dll
0x6c4c0000 - 0x6d28e000 	C:\Windows\system32\nvd3dum.dll
0x75150000 - 0x75d9a000 	C:\Windows\system32\Shell32.dll
0x10000000 - 0x10114000 	C:\Windows\system32\nvspcap.dll
0x76960000 - 0x76a7d000 	C:\Windows\syswow64\CRYPT32.dll
0x76dd0000 - 0x76ddc000 	C:\Windows\syswow64\MSASN1.dll
0x6bdc0000 - 0x6c092000 	C:\Windows\system32\nvapi.dll
0x76b10000 - 0x76cad000 	C:\Windows\syswow64\SETUPAPI.dll
0x762f0000 - 0x76317000 	C:\Windows\syswow64\CFGMGR32.dll
0x76070000 - 0x76082000 	C:\Windows\syswow64\DEVOBJ.dll
0x72ee0000 - 0x72f05000 	C:\Windows\system32\powrprof.dll
0x6c0a0000 - 0x6c1d9000 	C:\Program Files (x86)\NVIDIA Corporation\3D Vision\nvSCPAPI.dll
0x6f190000 - 0x6f1ba000 	D:\liuweiqiang\java\jdk\1.7\jdk1.7.0_01\jre\bin\fontmanager.dll
0x6ede0000 - 0x6edf4000 	D:\liuweiqiang\java\jdk\1.7\jdk1.7.0_01\jre\bin\net.dll
0x71d20000 - 0x71d5c000 	C:\Windows\system32\mswsock.dll
0x70180000 - 0x70186000 	C:\Windows\System32\wship6.dll
0x731f0000 - 0x731ff000 	D:\liuweiqiang\java\jdk\1.7\jdk1.7.0_01\jre\bin\nio.dll
0x6f150000 - 0x6f181000 	D:\liuweiqiang\java\jdk\1.7\jdk1.7.0_01\jre\bin\t2k.dll
0x04a60000 - 0x04a88000 	D:\liuweiqiang\java\jdk\1.7\jdk1.7.0_01\bin\jpcap.dll
0x050d0000 - 0x0511c000 	C:\Windows\system32\wpcap.dll
0x04980000 - 0x04998000 	C:\Windows\system32\packet.dll
0x74ae0000 - 0x74afc000 	C:\Windows\system32\iphlpapi.dll
0x74ad0000 - 0x74ad7000 	C:\Windows\system32\WINNSI.DLL
0x71b30000 - 0x71b3d000 	C:\Windows\system32\dhcpcsvc6.DLL
0x72690000 - 0x726a2000 	C:\Windows\system32\dhcpcsvc.DLL
0x76090000 - 0x76113000 	C:\Windows\syswow64\CLBCatQ.DLL
0x6db10000 - 0x6dc0b000 	C:\Windows\system32\WindowsCodecs.dll
0x70190000 - 0x701dc000 	C:\Windows\system32\apphelp.dll
0x6f0d0000 - 0x6f101000 	C:\Windows\system32\EhStorShell.dll
0x71b40000 - 0x71c35000 	C:\Windows\system32\PROPSYS.dll
0x6a9b0000 - 0x6adbb000 	C:\PROGRA~2\MICROS~1\Office14\GROOVEEX.DLL
0x6f020000 - 0x6f0c3000 	C:\Windows\WinSxS\x86_microsoft.vc90.crt_1fc8b3b9a1e18e3b_9.0.30729.6161_none_50934f2ebcb7eb57\MSVCR90.dll
0x6ef90000 - 0x6f01e000 	C:\Windows\WinSxS\x86_microsoft.vc90.crt_1fc8b3b9a1e18e3b_9.0.30729.6161_none_50934f2ebcb7eb57\MSVCP90.dll
0x6f120000 - 0x6f14b000 	C:\Windows\WinSxS\x86_microsoft.vc90.atl_1fc8b3b9a1e18e3b_9.0.30729.6161_none_51cd0a7abbe4e19b\ATL90.DLL
0x69270000 - 0x6967f000 	C:\PROGRA~2\COMMON~1\MICROS~1\OFFICE14\Cultures\office.odf
0x60b10000 - 0x6131f000 	C:\PROGRA~2\MICROS~1\Office14\2052\GrooveIntlResource.dll
0x6e360000 - 0x6e3d0000 	C:\Windows\system32\ntshrui.dll
0x74ba0000 - 0x74bb9000 	C:\Windows\system32\srvcli.dll
0x701e0000 - 0x701eb000 	C:\Windows\system32\cscapi.dll
0x700d0000 - 0x700da000 	C:\Windows\system32\slc.dll

VM Arguments:
jvm_args: -Dfile.encoding=UTF-8 -Xbootclasspath:D:\liuweiqiang\java\jdk\1.7\jdk1.7.0_01\jre\lib\resources.jar;D:\liuweiqiang\java\jdk\1.7\jdk1.7.0_01\jre\lib\rt.jar;D:\liuweiqiang\java\jdk\1.7\jdk1.7.0_01\jre\lib\jsse.jar;D:\liuweiqiang\java\jdk\1.7\jdk1.7.0_01\jre\lib\jce.jar;D:\liuweiqiang\java\jdk\1.7\jdk1.7.0_01\jre\lib\charsets.jar 
java_command: com.test.JFrameMain
Launcher Type: SUN_STANDARD

Environment Variables:
JAVA_HOME=D:\liuweiqiang\java\jdk\1.7\jdk1.7.0_01
PATH=D:\liuweiqiang\java\jdk\1.7\jdk1.7.0_01\bin;C:\Program Files (x86)\NVIDIA Corporation\PhysX\Common;C:\Windows\system32;C:\Windows;C:\Windows\System32\Wbem;C:\Windows\System32\WindowsPowerShell\v1.0\;C:\Program Files (x86)\SSH Communications Security\SSH Secure Shell
USERNAME=lwq
OS=Windows_NT
PROCESSOR_IDENTIFIER=Intel64 Family 6 Model 23 Stepping 10, GenuineIntel



---------------  S Y S T E M  ---------------

OS: Windows 7 , 64 bit Build 7601 Service Pack 1

CPU:total 4 (4 cores per cpu, 1 threads per core) family 6 model 23 stepping 10, cmov, cx8, fxsr, mmx, sse, sse2, sse3, ssse3, sse4.1

Memory: 4k page, physical 4192440k(2232324k free), swap 8383032k(6066932k free)

vm_info: Java HotSpot(TM) Client VM (21.1-b02) for windows-x86 JRE (1.7.0_01-b08), built on Oct  3 2011 02:11:36 by "java_re" with unknown MS VC++:1600

time: Sat Apr 25 15:23:30 2015
elapsed time: 42 seconds

