#
# A fatal error has been detected by the Java Runtime Environment:
#
#  EXCEPTION_ACCESS_VIOLATION (0xc0000005) at pc=0x0000000180024c44, pid=7580, tid=7016
#
# JRE version: Java(TM) SE Runtime Environment (8.0_25-b18) (build 1.8.0_25-b18)
# Java VM: Java HotSpot(TM) 64-Bit Server VM (25.25-b02 mixed mode windows-amd64 compressed oops)
# Problematic frame:
# C  [wpcap.dll+0x24c44]
#
# Failed to write core dump. Minidumps are not enabled by default on client versions of Windows
#
# If you would like to submit a bug report, please visit:
#   http://bugreport.sun.com/bugreport/crash.jsp
# The crash happened outside the Java Virtual Machine in native code.
# See problematic frame for where to report the bug.
#

---------------  T H R E A D  ---------------

Current thread (0x000000000a762800):  JavaThread "Thread-2" [_thread_in_native, id=7016, stack(0x000000000d020000,0x000000000d120000)]

siginfo: ExceptionCode=0xc0000005, reading address 0x00000000000002c0

Registers:
RAX=0x00000000075e7ae8, RBX=0x00000000588acaa0, RCX=0x0000000000000000, RDX=0x0000000000000001
RSP=0x000000000d11efc0, RBP=0x0000000000000001, RSI=0x000000000d11f0d0, RDI=0x0000000000000000
R8 =0x000007feebd92330, R9 =0x0000000000000000, R10=0x000000000000001e, R11=0x000000000a2b2a08
R12=0x000000000a7629e8, R13=0x000007feebd90000, R14=0x000000000d11f0e0, R15=0x000000000a762800
RIP=0x0000000180024c44, EFLAGS=0x0000000000010206

Top of Stack: (sp=0x000000000d11efc0)
0x000000000d11efc0:   000000000a762800 0000000000000000
0x000000000d11efd0:   000000000a7629e8 000000000d11f0e0
0x000000000d11efe0:   0000000000000000 000007feebd91c65
0x000000000d11eff0:   00000000588acaa0 0000000000000001
0x000000000d11f000:   000000000d11f0d0 000000000a762800
0x000000000d11f010:   0000000005d6e338 0000000000000000
0x000000000d11f020:   000000000f017450 000000000f025b54
0x000000000d11f030:   0000000005d6e338 000000000d11f0b0
0x000000000d11f040:   000000000a762800 0000000005d6e338
0x000000000d11f050:   000000000a762800 000000000a762800
0x000000000d11f060:   000000000d11f138 000000000f025882
0x000000000d11f070:   000000000d11f070 0000000000000000
0x000000000d11f080:   000000000d11f0e0 0000000005d6cfb0
0x000000000d11f090:   0000000000000000 0000000005d6e338
0x000000000d11f0a0:   0000000000000000 000000000d11f0d0
0x000000000d11f0b0:   000000000d11f128 000000000f017450 

Instructions: (pc=0x0000000180024c44)
0x0000000180024c24:   cc cc cc cc cc cc cc cc cc cc cc cc 48 89 5c 24
0x0000000180024c34:   08 48 89 6c 24 10 48 89 74 24 18 57 48 83 ec 20
0x0000000180024c44:   83 b9 c0 02 00 00 00 49 8b f9 49 8b f0 8b ea 48
0x0000000180024c54:   8b d9 74 17 83 b9 d0 02 00 00 00 75 0e e8 ca bf 


Register to memory mapping:

RAX=0x00000000075e7ae8 is a global jni handle
RBX=0x00000000588acaa0 is an unknown value
RCX=0x0000000000000000 is an unknown value
RDX=0x0000000000000001 is an unknown value
RSP=0x000000000d11efc0 is pointing into the stack for thread: 0x000000000a762800
RBP=0x0000000000000001 is an unknown value
RSI=0x000000000d11f0d0 is pointing into the stack for thread: 0x000000000a762800
RDI=0x0000000000000000 is an unknown value
R8 =0x000007feebd92330 is an unknown value
R9 =0x0000000000000000 is an unknown value
R10=0x000000000000001e is an unknown value
R11=0x000000000a2b2a08 is an unknown value
R12=0x000000000a7629e8 is an unknown value
R13=0x000007feebd90000 is an unknown value
R14=0x000000000d11f0e0 is pointing into the stack for thread: 0x000000000a762800
R15=0x000000000a762800 is a thread


Stack: [0x000000000d020000,0x000000000d120000],  sp=0x000000000d11efc0,  free space=1019k
Native frames: (J=compiled Java code, j=interpreted, Vv=VM code, C=native code)
C  [wpcap.dll+0x24c44]
C  [Jpcap.dll+0x1c65]
C  0x000000000f025b54

Java frames: (J=compiled Java code, j=interpreted, Vv=VM code)
j  jpcap.JpcapCaptor.processPacket(ILjpcap/PacketReceiver;)I+0
j  com.ui.test.Netcaptor$2.run()V+18
j  java.lang.Thread.run()V+11
v  ~StubRoutines::call_stub

---------------  P R O C E S S  ---------------

Java Threads: ( => current thread )
=>0x000000000a762800 JavaThread "Thread-2" [_thread_in_native, id=7016, stack(0x000000000d020000,0x000000000d120000)]
  0x000000000a2ff000 JavaThread "TimerQueue" daemon [_thread_blocked, id=4916, stack(0x000000000c0e0000,0x000000000c1e0000)]
  0x000000000a2a7800 JavaThread "D3D Screen Updater" daemon [_thread_blocked, id=7860, stack(0x000000000af30000,0x000000000b030000)]
  0x00000000002ae000 JavaThread "DestroyJavaVM" [_thread_blocked, id=1940, stack(0x00000000025c0000,0x00000000026c0000)]
  0x000000000760a800 JavaThread "AWT-EventQueue-0" [_thread_in_native, id=6348, stack(0x000000000adc0000,0x000000000aec0000)]
  0x00000000075e4800 JavaThread "AWT-Windows" daemon [_thread_in_native, id=2192, stack(0x0000000007e00000,0x0000000007f00000)]
  0x00000000075c3800 JavaThread "AWT-Shutdown" [_thread_blocked, id=7496, stack(0x0000000008410000,0x0000000008510000)]
  0x00000000075b2800 JavaThread "Java2D Disposer" daemon [_thread_blocked, id=8160, stack(0x0000000008210000,0x0000000008310000)]
  0x00000000072ae800 JavaThread "Service Thread" daemon [_thread_blocked, id=5420, stack(0x0000000007f30000,0x0000000008030000)]
  0x000000000724b000 JavaThread "C1 CompilerThread2" daemon [_thread_blocked, id=8180, stack(0x0000000007b40000,0x0000000007c40000)]
  0x0000000007248800 JavaThread "C2 CompilerThread1" daemon [_thread_blocked, id=2792, stack(0x0000000007c70000,0x0000000007d70000)]
  0x0000000005f6c800 JavaThread "C2 CompilerThread0" daemon [_thread_blocked, id=1360, stack(0x00000000076e0000,0x00000000077e0000)]
  0x0000000005f6b000 JavaThread "Attach Listener" daemon [_thread_blocked, id=7468, stack(0x00000000079d0000,0x0000000007ad0000)]
  0x0000000007243800 JavaThread "Signal Dispatcher" daemon [_thread_blocked, id=7108, stack(0x0000000007800000,0x0000000007900000)]
  0x0000000005f02000 JavaThread "Finalizer" daemon [_thread_blocked, id=7364, stack(0x0000000007130000,0x0000000007230000)]
  0x0000000005ef9000 JavaThread "Reference Handler" daemon [_thread_blocked, id=7648, stack(0x0000000006f30000,0x0000000007030000)]

Other Threads:
  0x0000000005ef5000 VMThread [stack: 0x0000000006e30000,0x0000000006f30000] [id=8092]
  0x00000000072cc800 WatcherThread [stack: 0x0000000008050000,0x0000000008150000] [id=6192]

VM state:not at safepoint (normal execution)

VM Mutex/Monitor currently owned by a thread: None

Heap:
 PSYoungGen      total 18944K, used 7905K [0x00000000eb400000, 0x00000000ec900000, 0x0000000100000000)
  eden space 16384K, 48% used [0x00000000eb400000,0x00000000ebbb8568,0x00000000ec400000)
  from space 2560K, 0% used [0x00000000ec680000,0x00000000ec680000,0x00000000ec900000)
  to   space 2560K, 0% used [0x00000000ec400000,0x00000000ec400000,0x00000000ec680000)
 ParOldGen       total 44032K, used 0K [0x00000000c1c00000, 0x00000000c4700000, 0x00000000eb400000)
  object space 44032K, 0% used [0x00000000c1c00000,0x00000000c1c00000,0x00000000c4700000)
 Metaspace       used 12152K, capacity 12410K, committed 12544K, reserved 1060864K
  class space    used 1653K, capacity 1755K, committed 1792K, reserved 1048576K

Card table byte_map: [0x0000000002a80000,0x0000000002c80000] byte_map_base: 0x0000000002472000

Marking Bits: (ParMarkBitMap*) 0x000000005891d490
 Begin Bits: [0x0000000003450000, 0x00000000043e0000)
 End Bits:   [0x00000000043e0000, 0x0000000005370000)

Polling page: 0x0000000000150000

CodeCache: size=245760Kb used=3422Kb max_used=3422Kb free=242337Kb
 bounds [0x000000000f010000, 0x000000000f370000, 0x000000001e010000]
 total_blobs=1494 nmethods=986 adapters=421
 compilation: enabled

Compilation events (10 events):
Event: 13.090 Thread 0x000000000724b000  982       3       java.awt.Component::eventTypeEnabled (487 bytes)
Event: 13.091 Thread 0x000000000724b000 nmethod 982 0x000000000f364150 code [0x000000000f364300, 0x000000000f364d70]
Event: 13.091 Thread 0x000000000724b000  983       3       sun.swing.MenuItemLayoutHelper$RectSize::access$002 (7 bytes)
Event: 13.092 Thread 0x000000000724b000 nmethod 983 0x000000000f366ed0 code [0x000000000f367020, 0x000000000f367150]
Event: 13.092 Thread 0x000000000724b000  984       3       sun.swing.MenuItemLayoutHelper::calcMaxWidth (15 bytes)
Event: 13.093 Thread 0x000000000724b000 nmethod 984 0x000000000f367210 code [0x000000000f3673a0, 0x000000000f3677a8]
Event: 14.108 Thread 0x000000000724b000  985       3       javax.swing.JComponent::firePropertyChange (8 bytes)
Event: 14.109 Thread 0x000000000724b000 nmethod 985 0x000000000f3679d0 code [0x000000000f367b60, 0x000000000f3680c8]
Event: 14.110 Thread 0x000000000724b000  986       3       sun.reflect.ByteVectorImpl::getLength (7 bytes)
Event: 14.110 Thread 0x000000000724b000 nmethod 986 0x000000000f368310 code [0x000000000f368460, 0x000000000f3685b0]

GC Heap History (0 events):
No events

Deoptimization events (4 events):
Event: 1.783 Thread 0x000000000760a800 Uncommon trap: reason=class_check action=maybe_recompile pc=0x000000000f1b78cc method=java.lang.String.equals(Ljava/lang/Object;)Z @ 8
Event: 1.783 Thread 0x000000000760a800 Uncommon trap: reason=class_check action=maybe_recompile pc=0x000000000f1b78cc method=java.lang.String.equals(Ljava/lang/Object;)Z @ 8
Event: 1.783 Thread 0x000000000760a800 Uncommon trap: reason=class_check action=maybe_recompile pc=0x000000000f1b78cc method=java.lang.String.equals(Ljava/lang/Object;)Z @ 8
Event: 2.469 Thread 0x000000000760a800 Uncommon trap: reason=class_check action=maybe_recompile pc=0x000000000f1b78cc method=java.lang.String.equals(Ljava/lang/Object;)Z @ 8

Internal exceptions (10 events):
Event: 0.242 Thread 0x00000000002ae000 Exception <a 'java/security/PrivilegedActionException'> (0x00000000eb76b6d8) thrown at [D:\re\workspace\8-2-build-windows-amd64-cygwin\jdk8u25\1677\hotspot\src\share\vm\prims\jvm.cpp, line 1312]
Event: 0.242 Thread 0x00000000002ae000 Exception <a 'java/security/PrivilegedActionException'> (0x00000000eb76d0e0) thrown at [D:\re\workspace\8-2-build-windows-amd64-cygwin\jdk8u25\1677\hotspot\src\share\vm\prims\jvm.cpp, line 1312]
Event: 0.243 Thread 0x00000000002ae000 Exception <a 'java/security/PrivilegedActionException'> (0x00000000eb773b00) thrown at [D:\re\workspace\8-2-build-windows-amd64-cygwin\jdk8u25\1677\hotspot\src\share\vm\prims\jvm.cpp, line 1312]
Event: 0.243 Thread 0x00000000002ae000 Exception <a 'java/security/PrivilegedActionException'> (0x00000000eb7754b0) thrown at [D:\re\workspace\8-2-build-windows-amd64-cygwin\jdk8u25\1677\hotspot\src\share\vm\prims\jvm.cpp, line 1312]
Event: 0.243 Thread 0x00000000002ae000 Exception <a 'java/security/PrivilegedActionException'> (0x00000000eb777948) thrown at [D:\re\workspace\8-2-build-windows-amd64-cygwin\jdk8u25\1677\hotspot\src\share\vm\prims\jvm.cpp, line 1312]
Event: 0.243 Thread 0x00000000002ae000 Exception <a 'java/security/PrivilegedActionException'> (0x00000000eb779350) thrown at [D:\re\workspace\8-2-build-windows-amd64-cygwin\jdk8u25\1677\hotspot\src\share\vm\prims\jvm.cpp, line 1312]
Event: 0.251 Thread 0x00000000002ae000 Exception <a 'java/security/PrivilegedActionException'> (0x00000000eb79b9d0) thrown at [D:\re\workspace\8-2-build-windows-amd64-cygwin\jdk8u25\1677\hotspot\src\share\vm\prims\jvm.cpp, line 1312]
Event: 0.252 Thread 0x00000000002ae000 Exception <a 'java/security/PrivilegedActionException'> (0x00000000eb79fa18) thrown at [D:\re\workspace\8-2-build-windows-amd64-cygwin\jdk8u25\1677\hotspot\src\share\vm\prims\jvm.cpp, line 1312]
Event: 2.471 Thread 0x000000000760a800 Exception <a 'java/security/PrivilegedActionException'> (0x00000000eb828b60) thrown at [D:\re\workspace\8-2-build-windows-amd64-cygwin\jdk8u25\1677\hotspot\src\share\vm\prims\jvm.cpp, line 1312]
Event: 9.820 Thread 0x000000000760a800 Exception <a 'java/security/PrivilegedActionException'> (0x00000000ebad2208) thrown at [D:\re\workspace\8-2-build-windows-amd64-cygwin\jdk8u25\1677\hotspot\src\share\vm\prims\jvm.cpp, line 1312]

Events (10 events):
Event: 9.814 loading class java/awt/Window$1DisposeAction done
Event: 9.815 loading class java/awt/KeyboardFocusManager$2
Event: 9.815 loading class java/awt/KeyboardFocusManager$2 done
Event: 9.815 loading class sun/awt/SunToolkit$1
Event: 9.815 loading class sun/awt/SunToolkit$1 done
Event: 9.820 loading class com/ui/test/Netcaptor$2
Event: 9.820 loading class com/ui/test/Netcaptor$2 done
Event: 9.821 Thread 0x000000000a762800 Thread added: 0x000000000a762800
Event: 11.301 loading class javax/swing/Timer$1
Event: 11.301 loading class javax/swing/Timer$1 done


Dynamic libraries:
0x000000013fc50000 - 0x000000013fc84000 	C:\Program Files\Java\jre1.8.0_25\bin\javaw.exe
0x0000000077050000 - 0x00000000771f9000 	C:\Windows\SYSTEM32\ntdll.dll
0x0000000076e30000 - 0x0000000076f4f000 	C:\Windows\system32\kernel32.dll
0x000007fefce60000 - 0x000007fefcecb000 	C:\Windows\system32\KERNELBASE.dll
0x000007fefd1e0000 - 0x000007fefd2bb000 	C:\Windows\system32\ADVAPI32.dll
0x000007fefe1b0000 - 0x000007fefe24f000 	C:\Windows\system32\msvcrt.dll
0x000007fefe190000 - 0x000007fefe1af000 	C:\Windows\SYSTEM32\sechost.dll
0x000007fefec70000 - 0x000007fefed9d000 	C:\Windows\system32\RPCRT4.dll
0x0000000076f50000 - 0x000000007704a000 	C:\Windows\system32\USER32.dll
0x000007fefec00000 - 0x000007fefec67000 	C:\Windows\system32\GDI32.dll
0x000007fefd1d0000 - 0x000007fefd1de000 	C:\Windows\system32\LPK.dll
0x000007fefe250000 - 0x000007fefe319000 	C:\Windows\system32\USP10.dll
0x000007fefb420000 - 0x000007fefb614000 	C:\Windows\WinSxS\amd64_microsoft.windows.common-controls_6595b64144ccf1df_6.0.7601.17514_none_fa396087175ac9ac\COMCTL32.dll
0x000007fefd2e0000 - 0x000007fefd351000 	C:\Windows\system32\SHLWAPI.dll
0x000007feff320000 - 0x000007feff34e000 	C:\Windows\system32\IMM32.DLL
0x000007feff080000 - 0x000007feff189000 	C:\Windows\system32\MSCTF.dll
0x000007fefcd40000 - 0x000007fefcd71000 	C:\Windows\system32\nvinitx.dll
0x000007fefcd30000 - 0x000007fefcd3c000 	C:\Windows\system32\VERSION.dll
0x000000000f000000 - 0x000000000f006000 	C:\Program Files\NVIDIA Corporation\CoProcManager\detoured.dll
0x000007fefa4a0000 - 0x000007fefa4d1000 	C:\Program Files\NVIDIA Corporation\CoProcManager\nvd3d9wrapx.dll
0x000007fefe6f0000 - 0x000007fefe8c7000 	C:\Windows\system32\SETUPAPI.dll
0x000007fefd0a0000 - 0x000007fefd0d6000 	C:\Windows\system32\CFGMGR32.dll
0x000007fefe8d0000 - 0x000007fefe9a7000 	C:\Windows\system32\OLEAUT32.dll
0x000007fefedf0000 - 0x000007fefeff3000 	C:\Windows\system32\ole32.dll
0x000007fefd0e0000 - 0x000007fefd0fa000 	C:\Windows\system32\DEVOBJ.dll
0x000007fefa460000 - 0x000007fefa482000 	C:\Program Files\NVIDIA Corporation\CoProcManager\nvdxgiwrapx.dll
0x000000005e5b0000 - 0x000000005e682000 	C:\Program Files\Java\jre1.8.0_25\bin\msvcr100.dll
0x0000000058140000 - 0x000000005899a000 	C:\Program Files\Java\jre1.8.0_25\bin\server\jvm.dll
0x000007fef59a0000 - 0x000007fef59a9000 	C:\Windows\system32\WSOCK32.dll
0x000007fefeda0000 - 0x000007fefeded000 	C:\Windows\system32\WS2_32.dll
0x000007feff350000 - 0x000007feff358000 	C:\Windows\system32\NSI.dll
0x000007fef9f50000 - 0x000007fef9f8b000 	C:\Windows\system32\WINMM.dll
0x0000000077220000 - 0x0000000077227000 	C:\Windows\system32\PSAPI.DLL
0x0000000065280000 - 0x000000006528f000 	C:\Program Files\Java\jre1.8.0_25\bin\verify.dll
0x0000000061f30000 - 0x0000000061f58000 	C:\Program Files\Java\jre1.8.0_25\bin\java.dll
0x0000000063350000 - 0x0000000063366000 	C:\Program Files\Java\jre1.8.0_25\bin\zip.dll
0x000007fefd400000 - 0x000007fefe188000 	C:\Windows\system32\SHELL32.dll
0x000007fefce20000 - 0x000007fefce2f000 	C:\Windows\system32\profapi.dll
0x000000005dbf0000 - 0x000000005dd88000 	C:\Program Files\Java\jre1.8.0_25\bin\awt.dll
0x000007fefaf90000 - 0x000007fefafa8000 	C:\Windows\system32\DWMAPI.DLL
0x000007fefb370000 - 0x000007fefb3c6000 	C:\Windows\system32\uxtheme.dll
0x000000006ccc0000 - 0x000000006ccc6000 	C:\Program Files\ESET\ESET Smart Security\eplgHooks.dll
0x000007fefcc20000 - 0x000007fefcc2f000 	C:\Windows\system32\CRYPTBASE.dll
0x000007fef4440000 - 0x000007fef463f000 	C:\Windows\system32\d3d9.dll
0x000007fef8ca0000 - 0x000007fef8ca7000 	C:\Windows\system32\d3d8thk.dll
0x000007fefcef0000 - 0x000007fefcf2a000 	C:\Windows\system32\WINTRUST.dll
0x000007fefcf30000 - 0x000007fefd09c000 	C:\Windows\system32\CRYPT32.dll
0x000007fefce10000 - 0x000007fefce1f000 	C:\Windows\system32\MSASN1.dll
0x000007fef9370000 - 0x000007fef9486000 	C:\Windows\system32\nvumdshimx.dll
0x000007fed9e80000 - 0x000007fedaa9f000 	C:\Windows\system32\igdumd64.dll
0x0000000061ee0000 - 0x0000000061f27000 	C:\Program Files\Java\jre1.8.0_25\bin\fontmanager.dll
0x0000000063330000 - 0x000000006334a000 	C:\Program Files\Java\jre1.8.0_25\bin\net.dll
0x000007fefc560000 - 0x000007fefc5b5000 	C:\Windows\system32\mswsock.dll
0x000007fefc550000 - 0x000007fefc557000 	C:\Windows\System32\wship6.dll
0x0000000061ec0000 - 0x0000000061ed1000 	C:\Program Files\Java\jre1.8.0_25\bin\nio.dll
0x0000000061e70000 - 0x0000000061eb1000 	C:\Program Files\Java\jre1.8.0_25\bin\t2k.dll
0x000007feebd90000 - 0x000007feebdbb000 	C:\Program Files\Java\jdk1.8.0_20\bin\Jpcap.dll
0x0000000180000000 - 0x0000000180065000 	C:\Windows\system32\wpcap.dll
0x0000000002ef0000 - 0x0000000002f0f000 	C:\Windows\system32\packet.dll
0x000007fefa510000 - 0x000007fefa537000 	C:\Windows\system32\iphlpapi.dll
0x000007fefa500000 - 0x000007fefa50b000 	C:\Windows\system32\WINNSI.DLL
0x000007fef9940000 - 0x000007fef9958000 	C:\Windows\system32\dhcpcsvc.DLL
0x000007fef9520000 - 0x000007fef9531000 	C:\Windows\system32\dhcpcsvc6.DLL
0x000007fefd360000 - 0x000007fefd3f9000 	C:\Windows\system32\CLBCatQ.DLL
0x000007fefade0000 - 0x000007fefaf41000 	C:\Windows\system32\WindowsCodecs.dll
0x000007fefcbc0000 - 0x000007fefcc17000 	C:\Windows\system32\apphelp.dll
0x000007fef7f70000 - 0x000007fef81ad000 	C:\PROGRA~1\MICROS~2\Office15\GROOVEEX.DLL
0x0000000071dd0000 - 0x0000000071e68000 	C:\Windows\system32\MSVCP100.dll
0x0000000071da0000 - 0x0000000071dcb000 	C:\Windows\system32\ATL100.DLL
0x000007fef6fe0000 - 0x000007fef72f7000 	C:\Windows\system32\msi.dll
0x000007fef62b0000 - 0x000007fef6b09000 	C:\PROGRA~1\MICROS~2\Office15\2052\GrooveIntlResource.dll
0x000007fef6230000 - 0x000007fef6265000 	C:\Windows\system32\EhStorShell.dll
0x000007fefb730000 - 0x000007fefb85c000 	C:\Windows\system32\PROPSYS.dll
0x000007fef61b0000 - 0x000007fef622e000 	C:\Windows\System32\cscui.dll
0x000007fef8e30000 - 0x000007fef8e3c000 	C:\Windows\System32\CSCDLL.dll
0x000007fef8e20000 - 0x000007fef8e2f000 	C:\Windows\system32\CSCAPI.dll
0x000007fef6130000 - 0x000007fef61b0000 	C:\Windows\system32\ntshrui.dll
0x000007fefc920000 - 0x000007fefc943000 	C:\Windows\system32\srvcli.dll
0x000007fefa600000 - 0x000007fefa60b000 	C:\Windows\system32\slc.dll
0x000007fef12d0000 - 0x000007fef13f5000 	C:\Windows\system32\dbghelp.dll

VM Arguments:
jvm_args: -Dfile.encoding=UTF-8 
java_command: com.ui.test.JFrameMain
java_class_path (initial): C:\Users\Administrator\Desktop\Java网络抓包\Java网络抓包\JavaCollectPackage\JavaCollectPackage\bin;C:\Users\Administrator\Desktop\Java网络抓包\Java网络抓包\JavaCollectPackage\JavaCollectPackage\lib\jpcap.jar
Launcher Type: SUN_STANDARD

Environment Variables:
JAVA_HOME=C:\Program Files\Java\jdk1.8.0_20
PATH=C:/Program Files/Java/jdk1.8.0_20/bin/../jre/bin/server;C:/Program Files/Java/jdk1.8.0_20/bin/../jre/bin;C:/Program Files/Java/jdk1.8.0_20/bin/../jre/lib/amd64;C:\Program Files\Java\jdk1.8.0_20\bin;F:\python34\;F:\python34\Scripts;C:\ProgramData\Oracle\Java\javapath;C:\Windows\system32;C:\Windows;C:\Windows\System32\Wbem;C:\Windows\System32\WindowsPowerShell\v1.0\;C:\Program Files (x86)\Windows Kits\8.1\Windows Performance Toolkit\;C:\Program Files\Microsoft SQL Server\110\Tools\Binn;C:\Program Files (x86)\NVIDIA Corporation\PhysX\Common;C:\cygwin64\bin;C:\Program Files\Java\jdk1.8.0_20\bin;E:\software\adt-bundle-windows-x86_64-20131030\adt-bundle-windows-x86_64-20131030\sdk\tools;E:\software\wamp\bin\php\php5.3.10\ext;C:\cygwin64\bin;C:\Users\Administrator\AppData\Local\Code\bin;E:\software\ssh;E:\software\eclipse-java-juno-SR2-win32-x86_64\eclipse;
USERNAME=Administrator
OS=Windows_NT
PROCESSOR_IDENTIFIER=Intel64 Family 6 Model 58 Stepping 9, GenuineIntel



---------------  S Y S T E M  ---------------

OS: Windows 7 , 64 bit Build 7601 Service Pack 1

CPU:total 4 (2 cores per cpu, 2 threads per core) family 6 model 58 stepping 9, cmov, cx8, fxsr, mmx, sse, sse2, sse3, ssse3, sse4.1, sse4.2, popcnt, avx, aes, clmul, erms, ht, tsc, tscinvbit, tscinv

Memory: 4k page, physical 4077096k(904628k free), swap 8152328k(3096472k free)

vm_info: Java HotSpot(TM) 64-Bit Server VM (25.25-b02) for windows-amd64 JRE (1.8.0_25-b18), built on Oct  7 2014 14:25:37 by "java_re" with MS VC++ 10.0 (VS2010)

time: Sun Oct 04 17:44:45 2015
elapsed time: 14 seconds (0d 0h 0m 14s)

