#
# A fatal error has been detected by the Java Runtime Environment:
#
#  EXCEPTION_ACCESS_VIOLATION (0xc0000005) at pc=0x0000000180024c44, pid=7620, tid=5676
#
# JRE version: Java(TM) SE Runtime Environment (8.0_25-b18) (build 1.8.0_25-b18)
# Java VM: Java HotSpot(TM) 64-Bit Server VM (25.25-b02 mixed mode windows-amd64 compressed oops)
# Problematic frame:
# C  [wpcap.dll+0x24c44]
#
# Failed to write core dump. Minidumps are not enabled by default on client versions of Windows
#
# If you would like to submit a bug report, please visit:
#   http://bugreport.sun.com/bugreport/crash.jsp
# The crash happened outside the Java Virtual Machine in native code.
# See problematic frame for where to report the bug.
#

---------------  T H R E A D  ---------------

Current thread (0x00000000074b0000):  JavaThread "Thread-2" [_thread_in_native, id=5676, stack(0x000000000d080000,0x000000000d180000)]

siginfo: ExceptionCode=0xc0000005, reading address 0x00000000000002c0

Registers:
RAX=0x00000000074eeae8, RBX=0x000000005e28caa0, RCX=0x0000000000000000, RDX=0x0000000000000001
RSP=0x000000000d17efb0, RBP=0x0000000000000001, RSI=0x000000000d17f050, RDI=0x0000000000000000
R8 =0x000007fee8b42330, R9 =0x0000000000000000, R10=0x0000000000000058, R11=0x00000000072dfd58
R12=0x00000000074b01e8, R13=0x000007fee8b40000, R14=0x0000000000000000, R15=0x00000000074b0000
RIP=0x0000000180024c44, EFLAGS=0x0000000000010202

Top of Stack: (sp=0x000000000d17efb0)
0x000000000d17efb0:   00000000074b0000 0000000000000000
0x000000000d17efc0:   00000000074b01e8 000000000d17f040
0x000000000d17efd0:   0000000000000000 000007fee8b41c65
0x000000000d17efe0:   000000005e28caa0 0000000000000001
0x000000000d17eff0:   000000000d17f050 000000000f026080
0x000000000d17f000:   000000000d17f0a0 0000000000000000
0x000000000d17f010:   000000000f017450 000000000f414155
0x000000000d17f020:   0000000005ade338 000000000d17f080
0x000000000d17f030:   00000000074b0000 000000000f026095
0x000000000d17f040:   00000000ebc60d38 0000000005ade338
0x000000000d17f050:   00000000eb7a16d8 0000000005adcfb0
0x000000000d17f060:   0000000000000000 0000000005ade338
0x000000000d17f070:   0000000000000000 000000000d17f0a0
0x000000000d17f080:   000000000d17f0f8 000000000f017450
0x000000000d17f090:   000000000d17f0f8 000000000f017450
0x000000000d17f0a0:   00000000eb7a16d8 0000000000000001 

Instructions: (pc=0x0000000180024c44)
0x0000000180024c24:   cc cc cc cc cc cc cc cc cc cc cc cc 48 89 5c 24
0x0000000180024c34:   08 48 89 6c 24 10 48 89 74 24 18 57 48 83 ec 20
0x0000000180024c44:   83 b9 c0 02 00 00 00 49 8b f9 49 8b f0 8b ea 48
0x0000000180024c54:   8b d9 74 17 83 b9 d0 02 00 00 00 75 0e e8 ca bf 


Register to memory mapping:

RAX=0x00000000074eeae8 is a global jni handle
RBX=0x000000005e28caa0 is an unknown value
RCX=0x0000000000000000 is an unknown value
RDX=0x0000000000000001 is an unknown value
RSP=0x000000000d17efb0 is pointing into the stack for thread: 0x00000000074b0000
RBP=0x0000000000000001 is an unknown value
RSI=0x000000000d17f050 is pointing into the stack for thread: 0x00000000074b0000
RDI=0x0000000000000000 is an unknown value
R8 =0x000007fee8b42330 is an unknown value
R9 =0x0000000000000000 is an unknown value
R10=0x0000000000000058 is an unknown value
R11=0x00000000072dfd58 is an unknown value
R12=0x00000000074b01e8 is an unknown value
R13=0x000007fee8b40000 is an unknown value
R14=0x0000000000000000 is an unknown value
R15=0x00000000074b0000 is a thread


Stack: [0x000000000d080000,0x000000000d180000],  sp=0x000000000d17efb0,  free space=1019k
Native frames: (J=compiled Java code, j=interpreted, Vv=VM code, C=native code)
C  [wpcap.dll+0x24c44]
C  [Jpcap.dll+0x1c65]
C  0x000000000f414155

Java frames: (J=compiled Java code, j=interpreted, Vv=VM code)
J 1253  jpcap.JpcapCaptor.processPacket(ILjpcap/PacketReceiver;)I (0 bytes) @ 0x000000000f4140cf [0x000000000f414080+0x4f]
j  com.ui.test.Netcaptor$2.run()V+18
j  java.lang.Thread.run()V+11
v  ~StubRoutines::call_stub

---------------  P R O C E S S  ---------------

Java Threads: ( => current thread )
=>0x00000000074b0000 JavaThread "Thread-2" [_thread_in_native, id=5676, stack(0x000000000d080000,0x000000000d180000)]
  0x000000000a037800 JavaThread "TimerQueue" daemon [_thread_blocked, id=6612, stack(0x000000000b880000,0x000000000b980000)]
  0x000000000a004800 JavaThread "D3D Screen Updater" daemon [_thread_blocked, id=1648, stack(0x000000000b460000,0x000000000b560000)]
  0x000000000202e000 JavaThread "DestroyJavaVM" [_thread_blocked, id=7136, stack(0x0000000002570000,0x0000000002670000)]
  0x0000000007512800 JavaThread "AWT-EventQueue-0" [_thread_in_native, id=6204, stack(0x000000000abd0000,0x000000000acd0000)]
  0x00000000074ee000 JavaThread "AWT-Windows" daemon [_thread_in_native, id=4736, stack(0x0000000007f80000,0x0000000008080000)]
  0x00000000074eb000 JavaThread "AWT-Shutdown" [_thread_blocked, id=7660, stack(0x0000000007830000,0x0000000007930000)]
  0x00000000074e6000 JavaThread "Java2D Disposer" daemon [_thread_blocked, id=7020, stack(0x0000000007de0000,0x0000000007ee0000)]
  0x00000000071d3000 JavaThread "Service Thread" daemon [_thread_blocked, id=7560, stack(0x0000000007a60000,0x0000000007b60000)]
  0x000000000714d800 JavaThread "C1 CompilerThread2" daemon [_thread_blocked, id=4164, stack(0x0000000007940000,0x0000000007a40000)]
  0x000000000714a800 JavaThread "C2 CompilerThread1" daemon [_thread_blocked, id=5468, stack(0x0000000006cd0000,0x0000000006dd0000)]
  0x0000000005cd3800 JavaThread "C2 CompilerThread0" daemon [_thread_blocked, id=7512, stack(0x00000000076d0000,0x00000000077d0000)]
  0x0000000005cd2800 JavaThread "Attach Listener" daemon [_thread_blocked, id=7468, stack(0x0000000002e90000,0x0000000002f90000)]
  0x0000000007145800 JavaThread "Signal Dispatcher" daemon [_thread_blocked, id=6792, stack(0x0000000007580000,0x0000000007680000)]
  0x0000000005c75800 JavaThread "Finalizer" daemon [_thread_blocked, id=6408, stack(0x0000000007030000,0x0000000007130000)]
  0x0000000005c6d000 JavaThread "Reference Handler" daemon [_thread_blocked, id=7024, stack(0x0000000006f10000,0x0000000007010000)]

Other Threads:
  0x0000000005c65000 VMThread [stack: 0x0000000006de0000,0x0000000006ee0000] [id=5160]
  0x00000000071d4000 WatcherThread [stack: 0x0000000007b70000,0x0000000007c70000] [id=5620]

VM state:not at safepoint (normal execution)

VM Mutex/Monitor currently owned by a thread: None

Heap:
 PSYoungGen      total 18944K, used 9866K [0x00000000eb400000, 0x00000000ec900000, 0x0000000100000000)
  eden space 16384K, 60% used [0x00000000eb400000,0x00000000ebda2958,0x00000000ec400000)
  from space 2560K, 0% used [0x00000000ec680000,0x00000000ec680000,0x00000000ec900000)
  to   space 2560K, 0% used [0x00000000ec400000,0x00000000ec400000,0x00000000ec680000)
 ParOldGen       total 44032K, used 0K [0x00000000c1c00000, 0x00000000c4700000, 0x00000000eb400000)
  object space 44032K, 0% used [0x00000000c1c00000,0x00000000c1c00000,0x00000000c4700000)
 Metaspace       used 12469K, capacity 12738K, committed 13056K, reserved 1060864K
  class space    used 1673K, capacity 1755K, committed 1792K, reserved 1048576K

Card table byte_map: [0x0000000002a30000,0x0000000002c30000] byte_map_base: 0x0000000002422000

Marking Bits: (ParMarkBitMap*) 0x000000005e2fd490
 Begin Bits: [0x00000000031c0000, 0x0000000004150000)
 End Bits:   [0x0000000004150000, 0x00000000050e0000)

Polling page: 0x0000000002030000

CodeCache: size=245760Kb used=4148Kb max_used=4148Kb free=241611Kb
 bounds [0x000000000f010000, 0x000000000f420000, 0x000000001e010000]
 total_blobs=1778 nmethods=1270 adapters=421
 compilation: enabled

Compilation events (10 events):
Event: 46.349 Thread 0x000000000714d800 1266       3       java.util.AbstractList::listIterator (6 bytes)
Event: 46.349 Thread 0x000000000714d800 nmethod 1266 0x000000000f41b510 code [0x000000000f41b680, 0x000000000f41b888]
Event: 46.350 Thread 0x000000000714d800 1267       3       java.util.Hashtable$Enumerator::nextElement (111 bytes)
Event: 46.352 Thread 0x000000000714d800 nmethod 1267 0x000000000f41ad90 code [0x000000000f41af20, 0x000000000f41b348]
Event: 46.354 Thread 0x000000000714d800 1268       3       java.util.ArrayList::<init> (61 bytes)
Event: 46.355 Thread 0x000000000714d800 nmethod 1268 0x000000000f41d690 code [0x000000000f41d880, 0x000000000f41e298]
Event: 46.356 Thread 0x000000000714d800 1269       3       sun.reflect.ByteVectorImpl::getLength (7 bytes)
Event: 46.357 Thread 0x000000000714d800 nmethod 1269 0x000000000f41aa90 code [0x000000000f41abe0, 0x000000000f41ad30]
Event: 46.357 Thread 0x000000000714d800 1270       3       java.awt.Component::setBackground (44 bytes)
Event: 46.358 Thread 0x000000000714d800 nmethod 1270 0x000000000f41e6d0 code [0x000000000f41e860, 0x000000000f41ecc8]

GC Heap History (0 events):
No events

Deoptimization events (5 events):
Event: 3.902 Thread 0x0000000007512800 Uncommon trap: reason=class_check action=maybe_recompile pc=0x000000000f1b230c method=java.lang.String.equals(Ljava/lang/Object;)Z @ 8
Event: 3.902 Thread 0x0000000007512800 Uncommon trap: reason=class_check action=maybe_recompile pc=0x000000000f1b230c method=java.lang.String.equals(Ljava/lang/Object;)Z @ 8
Event: 3.902 Thread 0x0000000007512800 Uncommon trap: reason=class_check action=maybe_recompile pc=0x000000000f1b230c method=java.lang.String.equals(Ljava/lang/Object;)Z @ 8
Event: 7.218 Thread 0x0000000007512800 Uncommon trap: reason=class_check action=maybe_recompile pc=0x000000000f1b230c method=java.lang.String.equals(Ljava/lang/Object;)Z @ 8
Event: 32.557 Thread 0x0000000007512800 Uncommon trap: reason=unreached action=reinterpret pc=0x000000000f3b919c method=java.awt.Container$MouseEventTargetFilter.accept(Ljava/awt/Component;)Z @ 57

Internal exceptions (10 events):
Event: 7.220 Thread 0x0000000007512800 Exception <a 'java/security/PrivilegedActionException'> (0x00000000eba3a398) thrown at [D:\re\workspace\8-2-build-windows-amd64-cygwin\jdk8u25\1677\hotspot\src\share\vm\prims\jvm.cpp, line 1312]
Event: 17.434 Thread 0x0000000007512800 Exception <a 'java/security/PrivilegedActionException'> (0x00000000ebb1ec00) thrown at [D:\re\workspace\8-2-build-windows-amd64-cygwin\jdk8u25\1677\hotspot\src\share\vm\prims\jvm.cpp, line 1312]
Event: 17.434 Thread 0x0000000007512800 Exception <a 'java/security/PrivilegedActionException'> (0x00000000ebb20d70) thrown at [D:\re\workspace\8-2-build-windows-amd64-cygwin\jdk8u25\1677\hotspot\src\share\vm\prims\jvm.cpp, line 1312]
Event: 17.437 Thread 0x0000000007512800 Exception <a 'java/security/PrivilegedActionException'> (0x00000000ebb25198) thrown at [D:\re\workspace\8-2-build-windows-amd64-cygwin\jdk8u25\1677\hotspot\src\share\vm\prims\jvm.cpp, line 1312]
Event: 17.437 Thread 0x0000000007512800 Exception <a 'java/security/PrivilegedActionException'> (0x00000000ebb27378) thrown at [D:\re\workspace\8-2-build-windows-amd64-cygwin\jdk8u25\1677\hotspot\src\share\vm\prims\jvm.cpp, line 1312]
Event: 17.438 Thread 0x0000000007512800 Exception <a 'java/security/PrivilegedActionException'> (0x00000000ebb2aa00) thrown at [D:\re\workspace\8-2-build-windows-amd64-cygwin\jdk8u25\1677\hotspot\src\share\vm\prims\jvm.cpp, line 1312]
Event: 17.439 Thread 0x0000000007512800 Exception <a 'java/security/PrivilegedActionException'> (0x00000000ebb2cc18) thrown at [D:\re\workspace\8-2-build-windows-amd64-cygwin\jdk8u25\1677\hotspot\src\share\vm\prims\jvm.cpp, line 1312]
Event: 17.439 Thread 0x0000000007512800 Exception <a 'java/security/PrivilegedActionException'> (0x00000000ebb30380) thrown at [D:\re\workspace\8-2-build-windows-amd64-cygwin\jdk8u25\1677\hotspot\src\share\vm\prims\jvm.cpp, line 1312]
Event: 17.440 Thread 0x0000000007512800 Exception <a 'java/security/PrivilegedActionException'> (0x00000000ebb325c0) thrown at [D:\re\workspace\8-2-build-windows-amd64-cygwin\jdk8u25\1677\hotspot\src\share\vm\prims\jvm.cpp, line 1312]
Event: 31.920 Thread 0x0000000007512800 Exception <a 'java/security/PrivilegedActionException'> (0x00000000ebc7a3b0) thrown at [D:\re\workspace\8-2-build-windows-amd64-cygwin\jdk8u25\1677\hotspot\src\share\vm\prims\jvm.cpp, line 1312]

Events (10 events):
Event: 31.920 loading class com/ui/test/Netcaptor$2
Event: 31.920 loading class com/ui/test/Netcaptor$2 done
Event: 31.921 Thread 0x00000000074b0000 Thread added: 0x00000000074b0000
Event: 32.557 Thread 0x0000000007512800 Uncommon trap: trap_request=0xffffffad fr.pc=0x000000000f3b919c
Event: 32.557 Thread 0x0000000007512800 DEOPT PACKING pc=0x000000000f3b919c sp=0x000000000accd1b0
Event: 32.557 Thread 0x0000000007512800 DEOPT UNPACKING pc=0x000000000f05556a sp=0x000000000accd068 mode 2
Event: 43.878 loading class javax/swing/JTable$5
Event: 43.878 loading class javax/swing/JTable$5 done
Event: 43.889 Executing VM operation: RevokeBias
Event: 43.891 Executing VM operation: RevokeBias done


Dynamic libraries:
0x000000013f060000 - 0x000000013f094000 	C:\Program Files\Java\jre1.8.0_25\bin\javaw.exe
0x0000000077150000 - 0x00000000772f9000 	C:\Windows\SYSTEM32\ntdll.dll
0x0000000076f30000 - 0x000000007704f000 	C:\Windows\system32\kernel32.dll
0x000007fefd250000 - 0x000007fefd2bb000 	C:\Windows\system32\KERNELBASE.dll
0x000007fefe010000 - 0x000007fefe0eb000 	C:\Windows\system32\ADVAPI32.dll
0x000007feff1e0000 - 0x000007feff27f000 	C:\Windows\system32\msvcrt.dll
0x000007fefd750000 - 0x000007fefd76f000 	C:\Windows\SYSTEM32\sechost.dll
0x000007fefd770000 - 0x000007fefd89d000 	C:\Windows\system32\RPCRT4.dll
0x0000000077050000 - 0x000000007714a000 	C:\Windows\system32\USER32.dll
0x000007fefe370000 - 0x000007fefe3d7000 	C:\Windows\system32\GDI32.dll
0x000007fefd980000 - 0x000007fefd98e000 	C:\Windows\system32\LPK.dll
0x000007fefd680000 - 0x000007fefd749000 	C:\Windows\system32\USP10.dll
0x000007fefb4c0000 - 0x000007fefb6b4000 	C:\Windows\WinSxS\amd64_microsoft.windows.common-controls_6595b64144ccf1df_6.0.7601.17514_none_fa396087175ac9ac\COMCTL32.dll
0x000007fefd520000 - 0x000007fefd591000 	C:\Windows\system32\SHLWAPI.dll
0x000007fefe0f0000 - 0x000007fefe11e000 	C:\Windows\system32\IMM32.DLL
0x000007fefd370000 - 0x000007fefd479000 	C:\Windows\system32\MSCTF.dll
0x000007fefce40000 - 0x000007fefce71000 	C:\Windows\system32\nvinitx.dll
0x000007fefce30000 - 0x000007fefce3c000 	C:\Windows\system32\VERSION.dll
0x000000000f000000 - 0x000000000f006000 	C:\Program Files\NVIDIA Corporation\CoProcManager\detoured.dll
0x000007fefa2b0000 - 0x000007fefa2e1000 	C:\Program Files\NVIDIA Corporation\CoProcManager\nvd3d9wrapx.dll
0x000007feff280000 - 0x000007feff457000 	C:\Windows\system32\SETUPAPI.dll
0x000007fefd0b0000 - 0x000007fefd0e6000 	C:\Windows\system32\CFGMGR32.dll
0x000007fefd5a0000 - 0x000007fefd677000 	C:\Windows\system32\OLEAUT32.dll
0x000007fefdb20000 - 0x000007fefdd23000 	C:\Windows\system32\ole32.dll
0x000007fefd1a0000 - 0x000007fefd1ba000 	C:\Windows\system32\DEVOBJ.dll
0x000007fefa1a0000 - 0x000007fefa1c2000 	C:\Program Files\NVIDIA Corporation\CoProcManager\nvdxgiwrapx.dll
0x0000000069090000 - 0x0000000069162000 	C:\Program Files\Java\jre1.8.0_25\bin\msvcr100.dll
0x000000005db20000 - 0x000000005e37a000 	C:\Program Files\Java\jre1.8.0_25\bin\server\jvm.dll
0x000007fef5b80000 - 0x000007fef5b89000 	C:\Windows\system32\WSOCK32.dll
0x000007fefe400000 - 0x000007fefe44d000 	C:\Windows\system32\WS2_32.dll
0x000007fefdd30000 - 0x000007fefdd38000 	C:\Windows\system32\NSI.dll
0x000007fefa1d0000 - 0x000007fefa20b000 	C:\Windows\system32\WINMM.dll
0x0000000077320000 - 0x0000000077327000 	C:\Windows\system32\PSAPI.DLL
0x000000006b660000 - 0x000000006b66f000 	C:\Program Files\Java\jre1.8.0_25\bin\verify.dll
0x000000006b590000 - 0x000000006b5b8000 	C:\Program Files\Java\jre1.8.0_25\bin\java.dll
0x000000006b5d0000 - 0x000000006b5e6000 	C:\Program Files\Java\jre1.8.0_25\bin\zip.dll
0x000007fefe450000 - 0x000007feff1d8000 	C:\Windows\system32\SHELL32.dll
0x000007fefcf20000 - 0x000007fefcf2f000 	C:\Windows\system32\profapi.dll
0x0000000068ef0000 - 0x0000000069088000 	C:\Program Files\Java\jre1.8.0_25\bin\awt.dll
0x000007fefb030000 - 0x000007fefb048000 	C:\Windows\system32\DWMAPI.DLL
0x000007fefb410000 - 0x000007fefb466000 	C:\Windows\system32\uxtheme.dll
0x000007fefcd20000 - 0x000007fefcd2f000 	C:\Windows\system32\CRYPTBASE.dll
0x000007fef45d0000 - 0x000007fef47cf000 	C:\Windows\system32\d3d9.dll
0x000007fef8db0000 - 0x000007fef8db7000 	C:\Windows\system32\d3d8thk.dll
0x000007fefd1d0000 - 0x000007fefd20a000 	C:\Windows\system32\WINTRUST.dll
0x000007fefcf30000 - 0x000007fefd09c000 	C:\Windows\system32\CRYPT32.dll
0x000007fefcf10000 - 0x000007fefcf1f000 	C:\Windows\system32\MSASN1.dll
0x000007fef9470000 - 0x000007fef9586000 	C:\Windows\system32\nvumdshimx.dll
0x000007fedce00000 - 0x000007fedda1f000 	C:\Windows\system32\igdumd64.dll
0x0000000069430000 - 0x0000000069477000 	C:\Program Files\Java\jre1.8.0_25\bin\fontmanager.dll
0x000000006b570000 - 0x000000006b58a000 	C:\Program Files\Java\jre1.8.0_25\bin\net.dll
0x000007fefc660000 - 0x000007fefc6b5000 	C:\Windows\system32\mswsock.dll
0x000007fefc650000 - 0x000007fefc657000 	C:\Windows\System32\wship6.dll
0x000000006b550000 - 0x000000006b561000 	C:\Program Files\Java\jre1.8.0_25\bin\nio.dll
0x0000000069200000 - 0x0000000069241000 	C:\Program Files\Java\jre1.8.0_25\bin\t2k.dll
0x000007fee8b40000 - 0x000007fee8b6b000 	C:\Program Files\Java\jdk1.8.0_20\bin\Jpcap.dll
0x0000000180000000 - 0x0000000180065000 	C:\Windows\system32\wpcap.dll
0x0000000006ef0000 - 0x0000000006f0f000 	C:\Windows\system32\packet.dll
0x000007fef9e00000 - 0x000007fef9e27000 	C:\Windows\system32\iphlpapi.dll
0x000007fef9de0000 - 0x000007fef9deb000 	C:\Windows\system32\WINNSI.DLL
0x000007fef9a40000 - 0x000007fef9a58000 	C:\Windows\system32\dhcpcsvc.DLL
0x000007fef9590000 - 0x000007fef95a1000 	C:\Windows\system32\dhcpcsvc6.DLL
0x000007fefd2d0000 - 0x000007fefd369000 	C:\Windows\system32\CLBCatQ.DLL
0x000007fefae80000 - 0x000007fefafe1000 	C:\Windows\system32\WindowsCodecs.dll
0x000007fefccc0000 - 0x000007fefcd17000 	C:\Windows\system32\apphelp.dll
0x000007fef8070000 - 0x000007fef82ad000 	C:\PROGRA~1\MICROS~2\Office15\GROOVEEX.DLL
0x00000000720a0000 - 0x0000000072138000 	C:\Windows\system32\MSVCP100.dll
0x0000000072070000 - 0x000000007209b000 	C:\Windows\system32\ATL100.DLL
0x000007fef7d30000 - 0x000007fef8047000 	C:\Windows\system32\msi.dll
0x000007fef7000000 - 0x000007fef7859000 	C:\PROGRA~1\MICROS~2\Office15\2052\GrooveIntlResource.dll
0x000007fef6f80000 - 0x000007fef6fb5000 	C:\Windows\system32\EhStorShell.dll
0x000007fefb9b0000 - 0x000007fefbadc000 	C:\Windows\system32\PROPSYS.dll
0x000007fef6f00000 - 0x000007fef6f7e000 	C:\Windows\System32\cscui.dll
0x000007fef8f40000 - 0x000007fef8f4c000 	C:\Windows\System32\CSCDLL.dll
0x000007fef8f30000 - 0x000007fef8f3f000 	C:\Windows\system32\CSCAPI.dll
0x000007fef6e80000 - 0x000007fef6f00000 	C:\Windows\system32\ntshrui.dll
0x000007fefc940000 - 0x000007fefc963000 	C:\Windows\system32\srvcli.dll
0x000007fefa700000 - 0x000007fefa70b000 	C:\Windows\system32\slc.dll
0x000007feeb0c0000 - 0x000007feeb1e5000 	C:\Windows\system32\dbghelp.dll

VM Arguments:
jvm_args: -Dfile.encoding=UTF-8 
java_command: com.ui.test.JFrameMain
java_class_path (initial): C:\Users\Administrator\Desktop\Java网络抓包\Java网络抓包\JavaCollectPackage\JavaCollectPackage\bin;C:\Users\Administrator\Desktop\Java网络抓包\Java网络抓包\JavaCollectPackage\JavaCollectPackage\lib\jpcap.jar
Launcher Type: SUN_STANDARD

Environment Variables:
JAVA_HOME=C:\Program Files\Java\jdk1.8.0_20
PATH=C:/Program Files/Java/jdk1.8.0_20/bin/../jre/bin/server;C:/Program Files/Java/jdk1.8.0_20/bin/../jre/bin;C:/Program Files/Java/jdk1.8.0_20/bin/../jre/lib/amd64;C:\Program Files\Java\jdk1.8.0_20\bin;F:\python34\;F:\python34\Scripts;C:\ProgramData\Oracle\Java\javapath;C:\Windows\system32;C:\Windows;C:\Windows\System32\Wbem;C:\Windows\System32\WindowsPowerShell\v1.0\;C:\Program Files (x86)\Windows Kits\8.1\Windows Performance Toolkit\;C:\Program Files\Microsoft SQL Server\110\Tools\Binn;C:\Program Files (x86)\NVIDIA Corporation\PhysX\Common;C:\cygwin64\bin;C:\Program Files\Java\jdk1.8.0_20\bin;E:\software\adt-bundle-windows-x86_64-20131030\adt-bundle-windows-x86_64-20131030\sdk\tools;E:\software\wamp\bin\php\php5.3.10\ext;C:\cygwin64\bin;C:\Users\Administrator\AppData\Local\Code\bin;E:\software\ssh;E:\software\eclipse-java-juno-SR2-win32-x86_64\eclipse;
USERNAME=Administrator
OS=Windows_NT
PROCESSOR_IDENTIFIER=Intel64 Family 6 Model 58 Stepping 9, GenuineIntel



---------------  S Y S T E M  ---------------

OS: Windows 7 , 64 bit Build 7601 Service Pack 1

CPU:total 4 (2 cores per cpu, 2 threads per core) family 6 model 58 stepping 9, cmov, cx8, fxsr, mmx, sse, sse2, sse3, ssse3, sse4.1, sse4.2, popcnt, avx, aes, clmul, erms, ht, tsc, tscinvbit, tscinv

Memory: 4k page, physical 4077096k(1263552k free), swap 8152328k(4379880k free)

vm_info: Java HotSpot(TM) 64-Bit Server VM (25.25-b02) for windows-amd64 JRE (1.8.0_25-b18), built on Oct  7 2014 14:25:37 by "java_re" with MS VC++ 10.0 (VS2010)

time: Wed Sep 30 16:28:47 2015
elapsed time: 46 seconds (0d 0h 0m 46s)

